0 info it worked if it ends with ok
1 verbose cli [ '/usr/local/bin/node',
1 verbose cli   '/usr/local/bin/npm',
1 verbose cli   'run',
1 verbose cli   'site-dev-server' ]
2 info using npm@2.9.1
3 info using node@v0.12.3
4 verbose run-script [ 'presite-dev-server',
4 verbose run-script   'site-dev-server',
4 verbose run-script   'postsite-dev-server' ]
5 info presite-dev-server react-data-table@1.0.0
6 info site-dev-server react-data-table@1.0.0
7 verbose unsafe-perm in lifecycle true
8 info react-data-table@1.0.0 Failed to exec site-dev-server script
9 verbose stack Error: react-data-table@1.0.0 site-dev-server: `./build_helpers/startSiteDevServer.sh`
9 verbose stack Exit status 255
9 verbose stack     at EventEmitter.<anonymous> (/usr/local/lib/node_modules/npm/lib/utils/lifecycle.js:213:16)
9 verbose stack     at EventEmitter.emit (events.js:110:17)
9 verbose stack     at ChildProcess.<anonymous> (/usr/local/lib/node_modules/npm/lib/utils/spawn.js:24:14)
9 verbose stack     at ChildProcess.emit (events.js:110:17)
9 verbose stack     at maybeClose (child_process.js:1015:16)
9 verbose stack     at Process.ChildProcess._handle.onexit (child_process.js:1087:5)
10 verbose pkgid react-data-table@1.0.0
11 verbose cwd /var/www/html/dev/pk/react-data-table
12 error Linux 2.6.32-573.3.1.el6.x86_64
13 error argv "/usr/local/bin/node" "/usr/local/bin/npm" "run" "site-dev-server"
14 error node v0.12.3
15 error npm  v2.9.1
16 error code ELIFECYCLE
17 error react-data-table@1.0.0 site-dev-server: `./build_helpers/startSiteDevServer.sh`
17 error Exit status 255
18 error Failed at the react-data-table@1.0.0 site-dev-server script './build_helpers/startSiteDevServer.sh'.
18 error This is most likely a problem with the react-data-table package,
18 error not with npm itself.
18 error Tell the author that this fails on your system:
18 error     ./build_helpers/startSiteDevServer.sh
18 error You can get their info via:
18 error     npm owner ls react-data-table
18 error There is likely additional logging output above.
19 verbose exit [ 1, true ]
